<?xml version="1.0" encoding="UTF-8"?>
<!-- Generated by org.testng.reporters.JUnitReportReporter -->
<testsuite hostname="DESKTOP-N3GCHA9" failures="0" tests="6" name="me.cucumber.test.RunCucumberTest" time="195.226" errors="0" timestamp="2023-11-14T19:36:59 COT" skipped="0">
  <testcase classname="me.cucumber.test.RunCucumberTest" name="runScenario" time="35.423"/>
  <system-out/>
  <testcase classname="me.cucumber.test.RunCucumberTest" name="runScenario" time="32.418"/>
  <system-out/>
  <testcase classname="me.cucumber.test.RunCucumberTest" name="runScenario" time="32.684"/>
  <system-out/>
  <testcase classname="me.cucumber.test.RunCucumberTest" name="runScenario" time="32.357"/>
  <system-out/>
  <testcase classname="me.cucumber.test.RunCucumberTest" name="runScenario" time="31.797"/>
  <system-out/>
  <testcase classname="me.cucumber.test.RunCucumberTest" name="runScenario" time="30.547"/>
  <system-out/>
</testsuite> <!-- me.cucumber.test.RunCucumberTest -->
